::1 - - [15/Jan/2022:12:13:26 +0000] "POST /api/v1/users HTTP/1.1" 200 163
::1 - - [15/Jan/2022:12:15:52 +0000] "POST /api/v1/users/61e2ba6668c53900f43341a6 HTTP/1.1" 404 177
::1 - - [15/Jan/2022:12:16:35 +0000] "PUT /api/v1/users/61e2ba6668c53900f43341a6 HTTP/1.1" 200 31
::1 - - [15/Jan/2022:13:07:35 +0000] "GET /api/v1/users HTTP/1.1" 200 157
::1 - - [15/Jan/2022:13:09:41 +0000] "GET /api/v1/users HTTP/1.1" 304 -
::1 - - [15/Jan/2022:13:09:48 +0000] "GET /api/v1/users HTTP/1.1" 304 -
::1 - - [15/Jan/2022:13:09:58 +0000] "GET /api/v1/users HTTP/1.1" 304 -
::1 - - [15/Jan/2022:13:10:47 +0000] "GET /api/v1/users HTTP/1.1" 304 -
::1 - - [15/Jan/2022:13:11:20 +0000] "GET /api/v1/users HTTP/1.1" 304 -
::1 - - [15/Jan/2022:13:12:21 +0000] "GET /api/v1/users/61e2ba6668c53900f43341a6 HTTP/1.1" 200 155
::1 - - [15/Jan/2022:13:53:59 +0000] "GET /api/v1/users HTTP/1.1" 200 157
::1 - - [15/Jan/2022:13:54:02 +0000] "GET /api/v1/users HTTP/1.1" 304 -
::1 - - [15/Jan/2022:13:54:29 +0000] "OPTIONS /api/v1/users HTTP/1.1" 204 0
::1 - - [15/Jan/2022:13:54:30 +0000] "POST /api/v1/users HTTP/1.1" 200 155
::1 - - [15/Jan/2022:13:54:30 +0000] "GET /api/v1/users HTTP/1.1" 200 304
::1 - - [15/Jan/2022:13:54:33 +0000] "GET /api/v1/users/61e2d215aa3c1b1eb02d7025 HTTP/1.1" 200 146
::1 - - [15/Jan/2022:13:54:37 +0000] "GET /api/v1/users HTTP/1.1" 304 -
::1 - - [15/Jan/2022:13:54:48 +0000] "GET /api/v1/users HTTP/1.1" 304 -
::1 - - [15/Jan/2022:13:56:15 +0000] "GET /api/v1/users HTTP/1.1" 304 -
::1 - - [15/Jan/2022:13:56:17 +0000] "GET /api/v1/users HTTP/1.1" 304 -
::1 - - [15/Jan/2022:13:56:19 +0000] "GET /api/v1/users/61e2ba6668c53900f43341a6 HTTP/1.1" 200 155
::1 - - [15/Jan/2022:13:56:43 +0000] "GET /api/v1/users/61e2ba6668c53900f43341a6 HTTP/1.1" 304 -
::1 - - [15/Jan/2022:13:56:50 +0000] "GET /api/v1/users HTTP/1.1" 304 -
::1 - - [15/Jan/2022:13:56:52 +0000] "GET /api/v1/users/61e2ba6668c53900f43341a6 HTTP/1.1" 304 -
::1 - - [15/Jan/2022:13:57:06 +0000] "GET /api/v1/users HTTP/1.1" 304 -
::1 - - [15/Jan/2022:13:57:14 +0000] "GET /api/v1/users HTTP/1.1" 304 -
::1 - - [15/Jan/2022:13:57:19 +0000] "OPTIONS /api/v1/users/61e2ba6668c53900f43341a6 HTTP/1.1" 204 0
::1 - - [15/Jan/2022:13:57:19 +0000] "DELETE /api/v1/users/61e2ba6668c53900f43341a6 HTTP/1.1" 200 31
::1 - - [15/Jan/2022:13:57:19 +0000] "GET /api/v1/users HTTP/1.1" 200 148
::1 - - [15/Jan/2022:13:57:40 +0000] "OPTIONS /api/v1/users HTTP/1.1" 204 0
::1 - - [15/Jan/2022:13:57:40 +0000] "POST /api/v1/users HTTP/1.1" 200 162
::1 - - [15/Jan/2022:13:57:40 +0000] "GET /api/v1/users HTTP/1.1" 200 302
::1 - - [15/Jan/2022:13:57:46 +0000] "GET /api/v1/users HTTP/1.1" 304 -
::1 - - [15/Jan/2022:13:57:48 +0000] "GET /api/v1/users/61e2d2d4aa3c1b1eb02d7035 HTTP/1.1" 200 153
::1 - - [15/Jan/2022:13:58:47 +0000] "GET /api/v1/users/61e2d2d4aa3c1b1eb02d7035 HTTP/1.1" 304 -
::1 - - [15/Jan/2022:13:59:04 +0000] "GET /api/v1/users/61e2d2d4aa3c1b1eb02d7035 HTTP/1.1" 304 -
::1 - - [15/Jan/2022:13:59:26 +0000] "GET /api/v1/users/61e2d2d4aa3c1b1eb02d7035 HTTP/1.1" 304 -
::1 - - [15/Jan/2022:14:00:01 +0000] "GET /api/v1/users HTTP/1.1" 304 -
::1 - - [15/Jan/2022:17:30:02 +0000] "GET /api/v1/users HTTP/1.1" 304 -
